EDA Netlist Writer report for Asyn_Fifo
Sat Aug 25 22:02:18 2018
Quartus II 64-Bit Version 14.1.0 Build 186 12/03/2014 SJ Full Version


---------------------
; Table of Contents ;
---------------------
  1. Legal Notice
  2. EDA Netlist Writer Summary
  3. Simulation Settings
  4. Simulation Generated Files
  5. EDA Netlist Writer Messages



----------------
; Legal Notice ;
----------------
Copyright (C) 1991-2014 Altera Corporation. All rights reserved.
Your use of Altera Corporation's design tools, logic functions 
and other software and tools, and its AMPP partner logic 
functions, and any output files from any of the foregoing 
(including device programming or simulation files), and any 
associated documentation or information are expressly subject 
to the terms and conditions of the Altera Program License 
Subscription Agreement, the Altera Quartus II License Agreement,
the Altera MegaCore Function License Agreement, or other 
applicable license agreement, including, without limitation, 
that your use is for the sole purpose of programming logic 
devices manufactured by Altera and sold by Altera or its 
authorized distributors.  Please refer to the applicable 
agreement for further details.



+-------------------------------------------------------------------+
; EDA Netlist Writer Summary                                        ;
+---------------------------+---------------------------------------+
; EDA Netlist Writer Status ; Successful - Sat Aug 25 22:02:18 2018 ;
; Revision Name             ; Asyn_Fifo                             ;
; Top-level Entity Name     ; Asyn_Fifo                             ;
; Family                    ; Cyclone IV E                          ;
; Simulation Files Creation ; Successful                            ;
+---------------------------+---------------------------------------+


+-------------------------------------------------------------------------------------------------------------------------------+
; Simulation Settings                                                                                                           ;
+---------------------------------------------------------------------------------------------------+---------------------------+
; Option                                                                                            ; Setting                   ;
+---------------------------------------------------------------------------------------------------+---------------------------+
; Tool Name                                                                                         ; ModelSim-Altera (Verilog) ;
; Generate netlist for functional simulation only                                                   ; Off                       ;
; Time scale                                                                                        ; 1 ns                      ;
; Truncate long hierarchy paths                                                                     ; Off                       ;
; Map illegal HDL characters                                                                        ; Off                       ;
; Flatten buses into individual nodes                                                               ; Off                       ;
; Maintain hierarchy                                                                                ; Off                       ;
; Bring out device-wide set/reset signals as ports                                                  ; Off                       ;
; Enable glitch filtering                                                                           ; Off                       ;
; Do not write top level VHDL entity                                                                ; Off                       ;
; Disable detection of setup and hold time violations in the input registers of bi-directional pins ; Off                       ;
; Architecture name in VHDL output netlist                                                          ; structure                 ;
; Generate third-party EDA tool command script for RTL functional simulation                        ; Off                       ;
; Generate third-party EDA tool command script for gate-level simulation                            ; Off                       ;
+---------------------------------------------------------------------------------------------------+---------------------------+


+-----------------------------------------------------------------------------------------------------+
; Simulation Generated Files                                                                          ;
+-----------------------------------------------------------------------------------------------------+
; Generated Files                                                                                     ;
+-----------------------------------------------------------------------------------------------------+
; C:/Users/Administrator/Desktop/FIFO-design/simulation/modelsim/Asyn_Fifo_7_1200mv_125c_slow.vo      ;
; C:/Users/Administrator/Desktop/FIFO-design/simulation/modelsim/Asyn_Fifo_7_1200mv_-40c_slow.vo      ;
; C:/Users/Administrator/Desktop/FIFO-design/simulation/modelsim/Asyn_Fifo_min_1200mv_-40c_fast.vo    ;
; C:/Users/Administrator/Desktop/FIFO-design/simulation/modelsim/Asyn_Fifo.vo                         ;
; C:/Users/Administrator/Desktop/FIFO-design/simulation/modelsim/Asyn_Fifo_7_1200mv_125c_v_slow.sdo   ;
; C:/Users/Administrator/Desktop/FIFO-design/simulation/modelsim/Asyn_Fifo_7_1200mv_-40c_v_slow.sdo   ;
; C:/Users/Administrator/Desktop/FIFO-design/simulation/modelsim/Asyn_Fifo_min_1200mv_-40c_v_fast.sdo ;
; C:/Users/Administrator/Desktop/FIFO-design/simulation/modelsim/Asyn_Fifo_v.sdo                      ;
+-----------------------------------------------------------------------------------------------------+


+-----------------------------+
; EDA Netlist Writer Messages ;
+-----------------------------+
Info: *******************************************************************
Info: Running Quartus II 64-Bit EDA Netlist Writer
    Info: Version 14.1.0 Build 186 12/03/2014 SJ Full Version
    Info: Processing started: Sat Aug 25 22:02:14 2018
Info: Command: quartus_eda --read_settings_files=off --write_settings_files=off Asyn_Fifo -c Asyn_Fifo
Warning (202000): An incorrect timescale is selected for the Verilog Output (.VO) file of this PLL design. It's required that the timescale should be 1 ps when simulating a PLL design in a third party EDA tool.
Info (204019): Generated file Asyn_Fifo_7_1200mv_125c_slow.vo in folder "C:/Users/Administrator/Desktop/FIFO-design/simulation/modelsim/" for EDA simulation tool
Warning (202000): An incorrect timescale is selected for the Verilog Output (.VO) file of this PLL design. It's required that the timescale should be 1 ps when simulating a PLL design in a third party EDA tool.
Info (204019): Generated file Asyn_Fifo_7_1200mv_-40c_slow.vo in folder "C:/Users/Administrator/Desktop/FIFO-design/simulation/modelsim/" for EDA simulation tool
Warning (202000): An incorrect timescale is selected for the Verilog Output (.VO) file of this PLL design. It's required that the timescale should be 1 ps when simulating a PLL design in a third party EDA tool.
Info (204019): Generated file Asyn_Fifo_min_1200mv_-40c_fast.vo in folder "C:/Users/Administrator/Desktop/FIFO-design/simulation/modelsim/" for EDA simulation tool
Warning (202000): An incorrect timescale is selected for the Verilog Output (.VO) file of this PLL design. It's required that the timescale should be 1 ps when simulating a PLL design in a third party EDA tool.
Info (204019): Generated file Asyn_Fifo.vo in folder "C:/Users/Administrator/Desktop/FIFO-design/simulation/modelsim/" for EDA simulation tool
Info (204019): Generated file Asyn_Fifo_7_1200mv_125c_v_slow.sdo in folder "C:/Users/Administrator/Desktop/FIFO-design/simulation/modelsim/" for EDA simulation tool
Info (204019): Generated file Asyn_Fifo_7_1200mv_-40c_v_slow.sdo in folder "C:/Users/Administrator/Desktop/FIFO-design/simulation/modelsim/" for EDA simulation tool
Info (204019): Generated file Asyn_Fifo_min_1200mv_-40c_v_fast.sdo in folder "C:/Users/Administrator/Desktop/FIFO-design/simulation/modelsim/" for EDA simulation tool
Info (204019): Generated file Asyn_Fifo_v.sdo in folder "C:/Users/Administrator/Desktop/FIFO-design/simulation/modelsim/" for EDA simulation tool
Info: Quartus II 64-Bit EDA Netlist Writer was successful. 0 errors, 4 warnings
    Info: Peak virtual memory: 517 megabytes
    Info: Processing ended: Sat Aug 25 22:02:18 2018
    Info: Elapsed time: 00:00:04
    Info: Total CPU time (on all processors): 00:00:02


